Started by user [8mha:////4Gwv4j2dudTtq/1kb2FkemIy4fmHKvL3NLoP1nFBh8z7AAAApB+LCAAAAAAAAP9b85aBtbiIQTGjNKU4P08vOT+vOD8nVc83PyU1x6OyILUoJzMv2y+/JJUBAhiZGBgqihhk0NSjKDWzXb3RdlLBUSYGJk8GtpzUvPSSDB8G5tKinBIGIZ+sxLJE/ZzEvHT94JKizLx0a6BxUmjGOUNodHsLgAyhEgYJ/dLi1CL9vOz84sy8xJKMTL3sjNLcxJx8AAYU757NAAAA[0mNkosinathi Khumalo
Building in workspace C:\Program Files (x86)\Jenkins\workspace\TVOD\SendPost_TVOD
[SendPost_TVOD] $ cmd /c call C:\Windows\TEMP\jenkins5664668217533914201.bat

C:\Program Files (x86)\Jenkins\workspace\TVOD\SendPost_TVOD>C:\Users\nkosinathi.khumalo\AppData\Roaming\npm\newman run "C:\Program Files (x86)\Jenkins\jobs\TVOD\collection1.json" 
newman

TVOD

→ TVOD
  POST http://172.16.103.244:8652/Metadata [200 OK, 251B, 23.1s]
  √  Status code is 200
  1. Body matches string

┌─────────────────────────┬──────────┬──────────┐
│                         │ executed │   failed │
├─────────────────────────┼──────────┼──────────┤
│              iterations │        1 │        0 │
├─────────────────────────┼──────────┼──────────┤
│                requests │        1 │        0 │
├─────────────────────────┼──────────┼──────────┤
│            test-scripts │        1 │        0 │
├─────────────────────────┼──────────┼──────────┤
│      prerequest-scripts │        0 │        0 │
├─────────────────────────┼──────────┼──────────┤
│              assertions │        2 │        1 │
├─────────────────────────┴──────────┴──────────┤
│ total run duration: 23.2s                     │
├───────────────────────────────────────────────┤
│ total data received: 118B (approx)            │
├───────────────────────────────────────────────┤
│ average response time: 23.1s                  │
└───────────────────────────────────────────────┘

  #  failure         detail                                                                                                                                                 
                                                                                                                                                                            
 1.  AssertionError  expected '<title><metadataingest genref="20591033" uid="192Z9TVOD" region="CRSA" responsecode="0000" message="Success"/></title>' to include 'success' 
                     at assertion:1 in test-script                                                                                                                          
                     inside "TVOD"                                                                                                                                          
Build step 'Execute Windows batch command' marked build as failure
Finished: FAILURE
