Started by timer
Building in workspace C:\Program Files (x86)\Jenkins\workspace\SVOD-STB QA\Check For Files
[Check For Files] $ "C:\Program Files (x86)\Jenkins\tools\hudson.plugins.groovy.GroovyInstallation\Groovy1.5.4\bin\groovy.bat" "C:\Program Files (x86)\Jenkins\workspace\SVOD-STB QA\Check For Files\hudson376663859829838719.groovy"

Folder(s) scanned: 
 //172.16.103.220/MediaManager/irdeto.com/ContentGroup/4002618_11103
   \\172.16.103.220\MediaManager\irdeto.com\ContentGroup\4002618_11103\Transcoded\IS20_4002618_307SVOD70_SD_m1.mpg
 //172.16.103.220/MediaManager/irdeto.com/ContentGroup/4002618_11203
 //172.16.103.220/MediaManager/irdeto.com/ContentGroup/4002618_11303
 //172.16.103.220/MediaManager/irdeto.com/ContentGroup/4002618_11403

SD - X
HD - X
EXP - X
NAN - X

Caught: NoProcessedException: Not all files were processed...
NoProcessedException: Not all files were processed...
	at hudson376663859829838719.run(hudson376663859829838719.groovy:85)
Build step 'Execute Groovy script' marked build as failure
Finished: FAILURE
