Started by user [8mha:////4Gwv4j2dudTtq/1kb2FkemIy4fmHKvL3NLoP1nFBh8z7AAAApB+LCAAAAAAAAP9b85aBtbiIQTGjNKU4P08vOT+vOD8nVc83PyU1x6OyILUoJzMv2y+/JJUBAhiZGBgqihhk0NSjKDWzXb3RdlLBUSYGJk8GtpzUvPSSDB8G5tKinBIGIZ+sxLJE/ZzEvHT94JKizLx0a6BxUmjGOUNodHsLgAyhEgYJ/dLi1CL9vOz84sy8xJKMTL3sjNLcxJx8AAYU757NAAAA[0mNkosinathi Khumalo
Building in workspace C:\Program Files (x86)\Jenkins\workspace\SVOD-STB QA\Generate
[Generate] $ "C:\Program Files (x86)\Jenkins\tools\hudson.plugins.groovy.GroovyInstallation\Groovy1.5.4\bin\groovy.bat" "C:\Program Files (x86)\Jenkins\workspace\SVOD-STB QA\Generate\hudson3538245153227342637.groovy"

Done updating xml: genref:1646046 udi:320SVOD05 seriesid:5030

==================================================================

Done dropping image: //172.16.103.220/MediaManager/Images/5030.png

==================================================================

Caught: groovy.lang.MissingPropertyException: No such property: ext for class: hudson3538245153227342637
groovy.lang.MissingPropertyException: No such property: ext for class: hudson3538245153227342637
	at hudson3538245153227342637.run(hudson3538245153227342637.groovy:83)
Build step 'Execute Groovy script' marked build as failure
Finished: FAILURE
