Started by user [8mha:////4Gwv4j2dudTtq/1kb2FkemIy4fmHKvL3NLoP1nFBh8z7AAAApB+LCAAAAAAAAP9b85aBtbiIQTGjNKU4P08vOT+vOD8nVc83PyU1x6OyILUoJzMv2y+/JJUBAhiZGBgqihhk0NSjKDWzXb3RdlLBUSYGJk8GtpzUvPSSDB8G5tKinBIGIZ+sxLJE/ZzEvHT94JKizLx0a6BxUmjGOUNodHsLgAyhEgYJ/dLi1CL9vOz84sy8xJKMTL3sjNLcxJx8AAYU757NAAAA[0mNkosinathi Khumalo
Building in workspace C:\Program Files (x86)\Jenkins\workspace\SVOD-STB QA\Generate
[Generate] $ "C:\Program Files (x86)\Jenkins\tools\hudson.plugins.groovy.GroovyInstallation\Groovy1.5.4\bin\groovy.bat" "C:\Program Files (x86)\Jenkins\workspace\SVOD-STB QA\Generate\hudson6719726955568618181.groovy"
org.codehaus.groovy.control.MultipleCompilationErrorsException: startup failed:
C:\Program Files (x86)\Jenkins\workspace\SVOD-STB QA\Generate\hudson6719726955568618181.groovy: 6: Constructor call must be the first statement in a constructor. at line: 6 column: 11. File: C:\Program Files (x86)\Jenkins\workspace\SVOD-STB QA\Generate\hudson6719726955568618181.groovy @ line 6, column 11.
       super(message)
             ^

1 error

Build step 'Execute Groovy script' marked build as failure
Finished: FAILURE
