Started by user [8mha:////4Gwv4j2dudTtq/1kb2FkemIy4fmHKvL3NLoP1nFBh8z7AAAApB+LCAAAAAAAAP9b85aBtbiIQTGjNKU4P08vOT+vOD8nVc83PyU1x6OyILUoJzMv2y+/JJUBAhiZGBgqihhk0NSjKDWzXb3RdlLBUSYGJk8GtpzUvPSSDB8G5tKinBIGIZ+sxLJE/ZzEvHT94JKizLx0a6BxUmjGOUNodHsLgAyhEgYJ/dLi1CL9vOz84sy8xJKMTL3sjNLcxJx8AAYU757NAAAA[0mNkosinathi Khumalo
Building in workspace C:\Program Files (x86)\Jenkins\workspace\SVOD-STB QA\Generate
[Generate] $ "C:\Program Files (x86)\Jenkins\tools\hudson.plugins.groovy.GroovyInstallation\Groovy1.5.4\bin\groovy.bat" "C:\Program Files (x86)\Jenkins\workspace\SVOD-STB QA\Generate\hudson6471737084513515600.groovy"
Done updating xml: genref:6441363 udi:845SVOD55 seriesid:7605
Caught: groovy.lang.MissingPropertyException: No such property: soureFile for class: hudson6471737084513515600
groovy.lang.MissingPropertyException: No such property: soureFile for class: hudson6471737084513515600
	at hudson6471737084513515600.run(hudson6471737084513515600.groovy:54)
Build step 'Execute Groovy script' marked build as failure
Finished: FAILURE
