Started by timer
Building in workspace C:\Program Files (x86)\Jenkins\workspace\SVOD-STB QA\Generate
[Generate] $ "C:\Program Files (x86)\Jenkins\tools\hudson.plugins.groovy.GroovyInstallation\Groovy1.5.4\bin\groovy.bat" "C:\Program Files (x86)\Jenkins\workspace\SVOD-STB QA\Generate\hudson6684106081834384111.groovy"
Caught: java.lang.StringIndexOutOfBoundsException: String index out of range: 4
java.lang.StringIndexOutOfBoundsException: String index out of range: 4
	at java_lang_String$substring.call(Unknown Source)
	at hudson6684106081834384111.run(hudson6684106081834384111.groovy:18)
Build step 'Execute Groovy script' marked build as failure
Finished: FAILURE
