Started by upstream project "[8mha:////4DbscZDOjf81QRsI4LpWfYUH5SXDeVw0NeIUN6mRyGs0AAAAqR+LCAAAAAAAAP9b85aBtbiIQTGjNKU4P08vOT+vOD8nVc83PyU1x6OyILUoJzMv2y+/JJUBAhiZGBgqihhk0NSjKDWzXb3RdlLBUSYGJk8GtpzUvPSSDB8G5tKinBIGIZ+sxLJE/ZzEvHT94JKizLx0a6BxUmjGOUNodHsLgAyREgYF/az8JP3gMH8X3eAQJ1Ujg0BHsIh7al5qUWJJqj4Amg9ln9UAAAA=[0mSVOD-STB QA/Generate" build number [8mha:////4KQoDDfAYtckNXkvUYNjLN9I6zgbbz6Nuzait3GxyDGoAAAAqx+LCAAAAAAAAP9b85aBtbiIQTGjNKU4P08vOT+vOD8nVc83PyU1x6OyILUoJzMv2y+/JJUBAhiZGBgqihhk0NSjKDWzXb3RdlLBUSYGJk8GtpzUvPSSDB8G5tKinBIGIZ+sxLJE/ZzEvHT94JKizLx0a6BxUmjGOUNodHsLgAymEgYl/az8JP3gMH8X3eAQJ1Ujg0BHsIh7al5qUWJJqr6JBQCAY8+j1wAAAA==[0m48
originally caused by:
 Started by user [8mha:////4Gwv4j2dudTtq/1kb2FkemIy4fmHKvL3NLoP1nFBh8z7AAAApB+LCAAAAAAAAP9b85aBtbiIQTGjNKU4P08vOT+vOD8nVc83PyU1x6OyILUoJzMv2y+/JJUBAhiZGBgqihhk0NSjKDWzXb3RdlLBUSYGJk8GtpzUvPSSDB8G5tKinBIGIZ+sxLJE/ZzEvHT94JKizLx0a6BxUmjGOUNodHsLgAyhEgYJ/dLi1CL9vOz84sy8xJKMTL3sjNLcxJx8AAYU757NAAAA[0mNkosinathi Khumalo
Building in workspace C:\Program Files (x86)\Jenkins\workspace\SVOD-STB QA\SendPost
[SendPost] $ cmd /c call C:\Windows\TEMP\jenkins9179987186301191057.bat

C:\Program Files (x86)\Jenkins\workspace\SVOD-STB QA\SendPost>C:\Users\nkosinathi.khumalo\AppData\Roaming\npm\newman run "C:\Program Files (x86)\Jenkins\jobs\SVOD-STB QA\jobs\Generate\collection1.json" 
newman

Irdeto Test Suit

□ SVOD
└ SVOD-STB
  POST http://172.16.103.244:8652/Metadata   2. Body matches string

┌─────────────────────────┬──────────┬──────────┐
│                         │ executed │   failed │
├─────────────────────────┼──────────┼──────────┤
│              iterations │        1 │        0 │
├─────────────────────────┼──────────┼──────────┤
│                requests │        1 │        1 │
├─────────────────────────┼──────────┼──────────┤
│            test-scripts │        1 │        0 │
├─────────────────────────┼──────────┼──────────┤
│      prerequest-scripts │        0 │        0 │
├─────────────────────────┼──────────┼──────────┤
│              assertions │        1 │        1 │
├─────────────────────────┴──────────┴──────────┤
│ total run duration: 21.1s                     │
├───────────────────────────────────────────────┤
│ total data received: 0B (approx)              │
├───────────────────────────────────────────────┤
│ average response time: 0ms                    │
└───────────────────────────────────────────────┘

  #  failure         detail                                                                                               
                                                                                                                          
 1.  Error           connect ETIMEDOUT 172.16.103.244:8652                                                                
                     at request                                                                                           
                     inside "SVOD / SVOD-STB"                                                                             
                                                                                                                          
 2.  AssertionError  object tested must be an array, a map, an object, a set, a string, or a weakset, but undefined given 
                     at assertion:0 in test-script                                                                        
                     inside "SVOD / SVOD-STB"                                                                             
Build step 'Execute Windows batch command' marked build as failure
Finished: FAILURE
