Started by user [8mha:////4Gwv4j2dudTtq/1kb2FkemIy4fmHKvL3NLoP1nFBh8z7AAAApB+LCAAAAAAAAP9b85aBtbiIQTGjNKU4P08vOT+vOD8nVc83PyU1x6OyILUoJzMv2y+/JJUBAhiZGBgqihhk0NSjKDWzXb3RdlLBUSYGJk8GtpzUvPSSDB8G5tKinBIGIZ+sxLJE/ZzEvHT94JKizLx0a6BxUmjGOUNodHsLgAyhEgYJ/dLi1CL9vOz84sy8xJKMTL3sjNLcxJx8AAYU757NAAAA[0mNkosinathi Khumalo
Building in workspace C:\Program Files (x86)\Jenkins\workspace\SVOD-STB QA\Generate
[Generate] $ "C:\Program Files (x86)\Jenkins\tools\hudson.plugins.groovy.GroovyInstallation\Groovy1.5.4\bin\groovy.bat" "C:\Program Files (x86)\Jenkins\workspace\SVOD-STB QA\Generate\hudson588981376224851804.groovy"

Done updating xml: genref:4771754 udi:241SVOD19 seriesid:8880
Caught: groovy.lang.MissingMethodException: No signature of method: hudson588981376224851804.pribntln() is applicable for argument types: (java.lang.String) values: []
Possible solutions: println(), println(), println(java.lang.Object), println(java.io.PrintWriter), println(java.lang.Object), print(java.lang.Object)
groovy.lang.MissingMethodException: No signature of method: hudson588981376224851804.pribntln() is applicable for argument types: (java.lang.String) values: []
Possible solutions: println(), println(), println(java.lang.Object), println(java.io.PrintWriter), println(java.lang.Object), print(java.lang.Object)
	at hudson588981376224851804.run(hudson588981376224851804.groovy:51)
Build step 'Execute Groovy script' marked build as failure
Finished: FAILURE
